Mon Jul 05 13:42:51 UTC 2021 - Executing "python3 /openLANE_flow/scripts/extract_metal_layers.py -t /d/RISC-V/openlane/pdks/sky130A/libs.ref/sky130_fd_sc_hd/techlef/sky130_fd_sc_hd.tlef -o /openLANE_flow/designs/picorv32a/runs/-t4/tmp/met_layers_list.txt"

Mon Jul 05 13:42:52 UTC 2021 - Executing "/openLANE_flow/scripts/mergeLef.py -i /d/RISC-V/openlane/pdks/sky130A/libs.ref/sky130_fd_sc_hd/techlef/sky130_fd_sc_hd.tlef {/d/RISC-V/openlane/pdks/sky130A/libs.ref/sky130_fd_sc_hd/lef/sky130_ef_sc_hd__decap_12.lef /d/RISC-V/openlane/pdks/sky130A/libs.ref/sky130_fd_sc_hd/lef/sky130_ef_sc_hd__fakediode_2.lef /d/RISC-V/openlane/pdks/sky130A/libs.ref/sky130_fd_sc_hd/lef/sky130_ef_sc_hd__fill_12.lef /d/RISC-V/openlane/pdks/sky130A/libs.ref/sky130_fd_sc_hd/lef/sky130_fd_sc_hd.lef} -o /openLANE_flow/designs/picorv32a/runs/-t4/tmp/merged_unpadded.lef |& tee >&@stdout"

Mon Jul 05 13:42:52 UTC 2021 - Executing "/openLANE_flow/scripts/libtrim.pl /d/RISC-V/openlane/pdks/sky130A/libs.ref/sky130_fd_sc_hd/lib/sky130_fd_sc_hd__tt_025C_1v80.lib /openLANE_flow/designs/picorv32a/runs/-t4/tmp/trimmed.lib.exclude.list > /openLANE_flow/designs/picorv32a/runs/-t4/tmp/trimmed.lib"

Mon Jul 05 13:42:53 UTC 2021 - Executing "echo {openlane v0.21} > /openLANE_flow/designs/picorv32a/runs/-t4/OPENLANE_VERSION"

Mon Jul 05 13:42:59 UTC 2021 - Executing "sed -E {s/^([[:space:]]+)pg_pin(.*)/\1pin\2\n\1    direction : "inout";/g} /d/RISC-V/openlane/pdks/sky130A/libs.ref/sky130_fd_sc_hd/lib/sky130_fd_sc_hd__tt_025C_1v80.lib > /openLANE_flow/designs/picorv32a/runs/-t4/tmp/sky130_fd_sc_hd__tt_025C_1v80.no_pg.lib"

Mon Jul 05 13:43:01 UTC 2021 - Executing "yosys -c /openLANE_flow/scripts/synth.tcl -l /openLANE_flow/designs/picorv32a/runs/-t4/logs/synthesis/49-yosys.log |& tee >&@stdout"

Mon Jul 05 13:44:41 UTC 2021 - Executing "sed -i -e {s/\(set ::env(CURRENT_NETLIST)\).*/\1 \/openLANE_flow\/designs\/picorv32a\/runs\/-t4\/results\/synthesis\/picorv32a.synthesis.v/} /openLANE_flow/designs/picorv32a/runs/-t4/config.tcl"

Mon Jul 05 13:44:41 UTC 2021 - Executing "sed -i -e {s/\(set ::env(PREV_NETLIST)\).*/\1 \/openLANE_flow\/designs\/picorv32a\/runs\/t3\/results\/synthesis\/picorv32a.synthesis_cts.v/} /openLANE_flow/designs/picorv32a/runs/-t4/config.tcl"

Mon Jul 05 13:44:41 UTC 2021 - Executing "sed -i /defparam/d /openLANE_flow/designs/picorv32a/runs/-t4/results/synthesis/picorv32a.synthesis.v"

Mon Jul 05 13:45:01 UTC 2021 - Executing "sta /openLANE_flow/scripts/sta.tcl |& tee >&@stdout /openLANE_flow/designs/picorv32a/runs/-t4/logs/synthesis/50-opensta"

Mon Jul 05 13:45:22 UTC 2021 - Executing "openroad -exit /openLANE_flow/scripts/openroad/or_floorplan.tcl |& tee >&@stdout /openLANE_flow/designs/picorv32a/runs/-t4/logs/floorplan/51-verilog2def.openroad.log"

Mon Jul 05 13:45:24 UTC 2021 - Executing "openroad -exit /openLANE_flow/scripts/openroad/or_ioplacer.tcl |& tee >&@stdout /openLANE_flow/designs/picorv32a/runs/-t4/logs/floorplan/52-ioPlacer.log"

Mon Jul 05 13:45:25 UTC 2021 - Executing "openroad -exit /openLANE_flow/scripts/openroad/or_tapcell.tcl |& tee >&@stdout /openLANE_flow/designs/picorv32a/runs/-t4/logs/floorplan/53-tapcell.log"

Mon Jul 05 13:45:27 UTC 2021 - Executing "bash /openLANE_flow/scripts/klayout/scrotLayout.sh /d/RISC-V/openlane/pdks/sky130A/libs.tech/klayout/sky130A.lyt /openLANE_flow/designs/picorv32a/runs/-t4/results/floorplan/picorv32a.floorplan.def |& tee >&@stdout /openLANE_flow/designs/picorv32a/runs/-t4/logs/klayout/54-klayout.scrot.log"

Mon Jul 05 13:45:32 UTC 2021 - Executing "openroad -exit /openLANE_flow/scripts/openroad/or_pdn.tcl |& tee >&@stdout /openLANE_flow/designs/picorv32a/runs/-t4/logs/floorplan/55-pdn.log"

Mon Jul 05 13:45:57 UTC 2021 - Executing "openroad -exit /openLANE_flow/scripts/openroad/or_replace.tcl |& tee >&@stdout /openLANE_flow/designs/picorv32a/runs/-t4/logs/placement/56-replace.log"

Mon Jul 05 13:46:11 UTC 2021 - Executing "openroad -exit /openLANE_flow/scripts/openroad/or_resizer.tcl |& tee >&@stdout /openLANE_flow/designs/picorv32a/runs/-t4/logs/placement/56-resizer.log"

Mon Jul 05 13:46:21 UTC 2021 - Executing "openroad -exit /openLANE_flow/scripts/openroad/or_write_verilog.tcl |& tee >&@stdout /openLANE_flow/designs/picorv32a/runs/-t4/logs/57-write_verilog.log"

Mon Jul 05 13:46:22 UTC 2021 - Executing "sed -i -e {s/\(set ::env(CURRENT_NETLIST)\).*/\1 \/openLANE_flow\/designs\/picorv32a\/runs\/-t4\/results\/synthesis\/picorv32a.synthesis_optimized.v/} /openLANE_flow/designs/picorv32a/runs/-t4/config.tcl"

Mon Jul 05 13:46:22 UTC 2021 - Executing "sed -i -e {s/\(set ::env(PREV_NETLIST)\).*/\1 \/openLANE_flow\/designs\/picorv32a\/runs\/-t4\/results\/synthesis\/picorv32a.synthesis.v/} /openLANE_flow/designs/picorv32a/runs/-t4/config.tcl"

Mon Jul 05 13:46:22 UTC 2021 - Executing "sta /openLANE_flow/scripts/sta.tcl |& tee >&@stdout /openLANE_flow/designs/picorv32a/runs/-t4/logs/synthesis/58-opensta_post_resizer"

Mon Jul 05 13:46:25 UTC 2021 - Executing "openroad -exit /openLANE_flow/scripts/openroad/or_opendp.tcl |& tee >&@stdout /openLANE_flow/designs/picorv32a/runs/-t4/logs/placement/59-opendp.log"

Mon Jul 05 13:46:27 UTC 2021 - Executing "bash /openLANE_flow/scripts/klayout/scrotLayout.sh /d/RISC-V/openlane/pdks/sky130A/libs.tech/klayout/sky130A.lyt /openLANE_flow/designs/picorv32a/runs/-t4/results/placement/picorv32a.placement.def |& tee >&@stdout /openLANE_flow/designs/picorv32a/runs/-t4/logs/klayout/60-klayout.scrot.log"

Mon Jul 05 13:47:27 UTC 2021 - Executing "openroad -exit /openLANE_flow/scripts/openroad/or_cts.tcl |& tee >&@stdout /openLANE_flow/designs/picorv32a/runs/-t4/logs/cts/61-cts.log"

Mon Jul 05 13:48:55 UTC 2021 - Executing "openroad -exit /openLANE_flow/scripts/openroad/or_write_verilog.tcl |& tee >&@stdout /openLANE_flow/designs/picorv32a/runs/-t4/logs/62-write_verilog.log"

Mon Jul 05 13:48:57 UTC 2021 - Executing "sed -i -e {s/\(set ::env(CURRENT_NETLIST)\).*/\1 \/openLANE_flow\/designs\/picorv32a\/runs\/-t4\/results\/synthesis\/picorv32a.synthesis_cts.v/} /openLANE_flow/designs/picorv32a/runs/-t4/config.tcl"

Mon Jul 05 13:48:57 UTC 2021 - Executing "sed -i -e {s/\(set ::env(PREV_NETLIST)\).*/\1 \/openLANE_flow\/designs\/picorv32a\/runs\/-t4\/results\/synthesis\/picorv32a.synthesis_optimized.v/} /openLANE_flow/designs/picorv32a/runs/-t4/config.tcl"

Mon Jul 05 13:48:57 UTC 2021 - Executing "bash /openLANE_flow/scripts/klayout/scrotLayout.sh /d/RISC-V/openlane/pdks/sky130A/libs.tech/klayout/sky130A.lyt /openLANE_flow/designs/picorv32a/runs/-t4/results/cts/picorv32a.cts.def |& tee >&@stdout /openLANE_flow/designs/picorv32a/runs/-t4/logs/klayout/63-klayout.scrot.log"

Mon Jul 05 13:52:46 UTC 2021 - Executing "openroad -exit /openLANE_flow/scripts/openroad/or_pdn.tcl |& tee >&@stdout /openLANE_flow/designs/picorv32a/runs/-t4/logs/floorplan/64-pdn.log"

Mon Jul 05 13:56:00 UTC 2021 - Executing "sed -i -e {s/\(set ::env(CURRENT_NETLIST)\).*/\1 \/openLANE_flow\/designs\/picorv32a\/runs\/-t4\/results\/synthesis\/picorv32a.synthesis.v/} /openLANE_flow/designs/picorv32a/runs/-t4/config.tcl"

Mon Jul 05 13:56:00 UTC 2021 - Executing "sed -i -e {s/\(set ::env(PREV_NETLIST)\).*/\1 \/openLANE_flow\/designs\/picorv32a\/runs\/-t4\/results\/synthesis\/picorv32a.synthesis_cts.v/} /openLANE_flow/designs/picorv32a/runs/-t4/config.tcl"

Mon Jul 05 13:56:00 UTC 2021 - Executing "sta /openLANE_flow/scripts/sta.tcl |& tee >&@stdout /openLANE_flow/designs/picorv32a/runs/-t4/logs/synthesis/65-opensta"

Mon Jul 05 13:56:09 UTC 2021 - Executing "openroad -exit /openLANE_flow/scripts/openroad/or_floorplan.tcl |& tee >&@stdout /openLANE_flow/designs/picorv32a/runs/-t4/logs/floorplan/66-verilog2def.openroad.log"

Mon Jul 05 13:56:11 UTC 2021 - Executing "openroad -exit /openLANE_flow/scripts/openroad/or_ioplacer.tcl |& tee >&@stdout /openLANE_flow/designs/picorv32a/runs/-t4/logs/floorplan/67-ioPlacer.log"

Mon Jul 05 13:56:12 UTC 2021 - Executing "openroad -exit /openLANE_flow/scripts/openroad/or_tapcell.tcl |& tee >&@stdout /openLANE_flow/designs/picorv32a/runs/-t4/logs/floorplan/68-tapcell.log"

Mon Jul 05 13:56:14 UTC 2021 - Executing "bash /openLANE_flow/scripts/klayout/scrotLayout.sh /d/RISC-V/openlane/pdks/sky130A/libs.tech/klayout/sky130A.lyt /openLANE_flow/designs/picorv32a/runs/-t4/results/floorplan/picorv32a.floorplan.def |& tee >&@stdout /openLANE_flow/designs/picorv32a/runs/-t4/logs/klayout/69-klayout.scrot.log"

Mon Jul 05 13:56:19 UTC 2021 - Executing "openroad -exit /openLANE_flow/scripts/openroad/or_pdn.tcl |& tee >&@stdout /openLANE_flow/designs/picorv32a/runs/-t4/logs/floorplan/70-pdn.log"

Mon Jul 05 13:56:29 UTC 2021 - Executing "openroad -exit /openLANE_flow/scripts/openroad/or_pdn.tcl |& tee >&@stdout /openLANE_flow/designs/picorv32a/runs/-t4/logs/floorplan/71-pdn.log"

